<?xml version="1.0" encoding="UTF-8"?>
<!-- Generated by org.testng.reporters.JUnitReportReporter -->
<testsuite hostname="DESKTOP-UM6LR8M" name="com.testrunner.SampleRunnerTest" tests="1" failures="0" timestamp="20 Sep 2017 15:08:40 GMT" time="8.720" errors="0">
  <testcase name="feature" time="8.720" classname="com.testrunner.SampleRunnerTest"/>
</testsuite> <!-- com.testrunner.SampleRunnerTest -->
